<?xml version="1.0" encoding="UTF-8"?>
<testng-results ignored="0" total="1" passed="1" failed="0" skipped="0">
  <reporter-output>
  </reporter-output>
  <suite started-at="2024-07-17T09:46:35 CDT" name="Default suite" finished-at="2024-07-17T09:47:27 CDT" duration-ms="52487">
    <groups>
    </groups>
    <test started-at="2024-07-17T09:46:35 CDT" name="Default test" finished-at="2024-07-17T09:47:27 CDT" duration-ms="52487">
      <class name="com.recipe.scrapping.test.RecipeScrappingRunner">
        <test-method is-config="true" signature="setUpDriver()[pri:0, instance:com.recipe.scrapping.test.RecipeScrappingRunner@1be2019a]" started-at="2024-07-17T09:46:35 CDT" name="setUpDriver" finished-at="2024-07-17T09:46:40 CDT" duration-ms="5492" status="PASS">
          <reporter-output>
          </reporter-output>
        </test-method> <!-- setUpDriver -->
        <test-method is-config="true" signature="setUp()[pri:0, instance:com.recipe.scrapping.test.RecipeScrappingRunner@1be2019a]" started-at="2024-07-17T09:46:40 CDT" name="setUp" finished-at="2024-07-17T09:46:41 CDT" depends-on-methods="com.recipe.scrapping.base.BaseClass.setUpDriver" duration-ms="231" status="PASS">
          <reporter-output>
          </reporter-output>
        </test-method> <!-- setUp -->
        <test-method signature="startScraping_LFV()[pri:0, instance:com.recipe.scrapping.test.RecipeScrappingRunner@1be2019a]" started-at="2024-07-17T09:46:41 CDT" name="startScraping_LFV" finished-at="2024-07-17T09:47:27 CDT" duration-ms="46698" status="PASS">
          <reporter-output>
          </reporter-output>
        </test-method> <!-- startScraping_LFV -->
        <test-method is-config="true" signature="tearDown()[pri:0, instance:com.recipe.scrapping.test.RecipeScrappingRunner@1be2019a]" started-at="2024-07-17T09:47:27 CDT" name="tearDown" finished-at="2024-07-17T09:47:27 CDT" duration-ms="1" status="PASS">
          <reporter-output>
          </reporter-output>
        </test-method> <!-- tearDown -->
      </class> <!-- com.recipe.scrapping.test.RecipeScrappingRunner -->
    </test> <!-- Default test -->
  </suite> <!-- Default suite -->
</testng-results>
