<?xml version="1.0" encoding="UTF-8"?>
<testng-results ignored="0" total="2" passed="2" failed="0" skipped="0">
  <reporter-output>
  </reporter-output>
  <suite started-at="2024-07-16T13:15:40 CDT" name="Default suite" finished-at="2024-07-16T13:26:01 CDT" duration-ms="621008">
    <groups>
    </groups>
    <test started-at="2024-07-16T13:15:40 CDT" name="Default test" finished-at="2024-07-16T13:26:01 CDT" duration-ms="621008">
      <class name="com.recipe.scrapping.test.RecipeScrappingRunner">
        <test-method is-config="true" signature="setUpDriver()[pri:0, instance:com.recipe.scrapping.test.RecipeScrappingRunner@8462f31]" started-at="2024-07-16T13:15:40 CDT" name="setUpDriver" finished-at="2024-07-16T13:15:44 CDT" duration-ms="3493" status="PASS">
          <reporter-output>
          </reporter-output>
        </test-method> <!-- setUpDriver -->
        <test-method signature="recipes()[pri:0, instance:com.recipe.scrapping.test.RecipeScrappingRunner@8462f31]" started-at="2024-07-16T13:15:44 CDT" name="recipes" finished-at="2024-07-16T13:26:01 CDT" duration-ms="617480" status="PASS">
          <reporter-output>
          </reporter-output>
        </test-method> <!-- recipes -->
        <test-method signature="startScraping()[pri:0, instance:com.recipe.scrapping.test.RecipeScrappingRunner@8462f31]" started-at="2024-07-16T13:26:01 CDT" name="startScraping" finished-at="2024-07-16T13:26:01 CDT" duration-ms="0" status="PASS">
          <reporter-output>
          </reporter-output>
        </test-method> <!-- startScraping -->
        <test-method is-config="true" signature="tearDown()[pri:0, instance:com.recipe.scrapping.test.RecipeScrappingRunner@8462f31]" started-at="2024-07-16T13:26:01 CDT" name="tearDown" finished-at="2024-07-16T13:26:01 CDT" duration-ms="0" status="PASS">
          <reporter-output>
          </reporter-output>
        </test-method> <!-- tearDown -->
      </class> <!-- com.recipe.scrapping.test.RecipeScrappingRunner -->
    </test> <!-- Default test -->
  </suite> <!-- Default suite -->
</testng-results>
